Starting up http-server, serving .

http-server version: 14.1.1

http-server settings: 
CORS: disabled
Cache: -1 seconds
Connection Timeout: 120 seconds
Directory Listings: visible
AutoIndex: visible
Serve GZIP Files: false
Serve Brotli Files: false
Default File Extension: none

Available on:
  http://127.0.0.1:8080
  http://10.64.144.33:8080
Hit CTRL-C to stop the server

[Thu May 29 2025 03:13:07 GMT+0000 (Coordinated Universal Time)]  "HEAD /index.html" "curl/7.88.1"
(node:936) [DEP0066] DeprecationWarning: OutgoingMessage.prototype._headers is deprecated
(Use `node --trace-deprecation ...` to show where the warning was created)
[Thu May 29 2025 03:13:11 GMT+0000 (Coordinated Universal Time)]  "HEAD /admin-dashboard.html" "curl/7.88.1"
[Thu May 29 2025 03:13:25 GMT+0000 (Coordinated Universal Time)]  "GET /index.html" "Mozilla/5.0 (X11; Linux x86_64) AppleWebKit/537.36 (KHTML, like Gecko) HeadlessChrome/136.0.7103.25 Safari/537.36"
[Thu May 29 2025 03:13:25 GMT+0000 (Coordinated Universal Time)]  "GET /customer-styles.css" "Mozilla/5.0 (X11; Linux x86_64) AppleWebKit/537.36 (KHTML, like Gecko) HeadlessChrome/136.0.7103.25 Safari/537.36"
[Thu May 29 2025 03:13:25 GMT+0000 (Coordinated Universal Time)]  "GET /customer-script.js" "Mozilla/5.0 (X11; Linux x86_64) AppleWebKit/537.36 (KHTML, like Gecko) HeadlessChrome/136.0.7103.25 Safari/537.36"
[Thu May 29 2025 03:13:40 GMT+0000 (Coordinated Universal Time)]  "GET /admin-dashboard.html" "Mozilla/5.0 (X11; Linux x86_64) AppleWebKit/537.36 (KHTML, like Gecko) HeadlessChrome/136.0.7103.25 Safari/537.36"
[Thu May 29 2025 03:13:40 GMT+0000 (Coordinated Universal Time)]  "GET /admin-styles.css" "Mozilla/5.0 (X11; Linux x86_64) AppleWebKit/537.36 (KHTML, like Gecko) HeadlessChrome/136.0.7103.25 Safari/537.36"
[Thu May 29 2025 03:13:40 GMT+0000 (Coordinated Universal Time)]  "GET /admin-script.js" "Mozilla/5.0 (X11; Linux x86_64) AppleWebKit/537.36 (KHTML, like Gecko) HeadlessChrome/136.0.7103.25 Safari/537.36"
[Thu May 29 2025 03:13:56 GMT+0000 (Coordinated Universal Time)]  "GET /index.html" "Mozilla/5.0 (X11; Linux x86_64) AppleWebKit/537.36 (KHTML, like Gecko) HeadlessChrome/136.0.7103.25 Safari/537.36"
[Thu May 29 2025 03:13:56 GMT+0000 (Coordinated Universal Time)]  "GET /customer-styles.css" "Mozilla/5.0 (X11; Linux x86_64) AppleWebKit/537.36 (KHTML, like Gecko) HeadlessChrome/136.0.7103.25 Safari/537.36"
[Thu May 29 2025 03:13:56 GMT+0000 (Coordinated Universal Time)]  "GET /customer-script.js" "Mozilla/5.0 (X11; Linux x86_64) AppleWebKit/537.36 (KHTML, like Gecko) HeadlessChrome/136.0.7103.25 Safari/537.36"
[Thu May 29 2025 03:39:29 GMT+0000 (Coordinated Universal Time)]  "GET /index.html" "curl/7.88.1"
